<!DOCTYPE html PUBLIC "-//W3C//DTD XHTML 1.1//EN" "https://www.w3.org/TR/xhtml11/DTD/xhtml11.dtd">
<html xmlns="https://www.w3.org/1999/xhtml">
<head>
<meta http-equiv="content-type" content="text/html; charset=UTF-8"/>
<title>TestNG Report</title>
<style type="text/css">table {margin-bottom:10px;border-collapse:collapse;empty-cells:show}th,td {border:1px solid #009;padding:.25em .5em}th {vertical-align:bottom}td {vertical-align:top}table a {font-weight:bold}.stripe td {background-color: #E6EBF9}.num {text-align:right}.passedodd td {background-color: #3F3}.passedeven td {background-color: #0A0}.skippedodd td {background-color: #DDD}.skippedeven td {background-color: #CCC}.failedodd td,.attn {background-color: #F33}.failedeven td,.stripe .attn {background-color: #D00}.stacktrace {white-space:pre;font-family:monospace}.totop {font-size:85%;text-align:center;border-bottom:2px solid #000}.invisible {display:none}</style>
</head>
<body>
<table>
<tr><th>Test</th><th># Passed</th><th># Skipped</th><th># Retried</th><th># Failed</th><th>Time (ms)</th><th>Included Groups</th><th>Excluded Groups</th></tr>
<tr><th colspan="8">Suite</th></tr>
<tr><td><a href="#t0">LoginTest</a></td><td class="num">2</td><td class="num">0</td><td class="num">0</td><td class="num">0</td><td class="num">18,233</td><td></td><td></td></tr>
<tr class="stripe"><td><a href="#t1">RegistrationTest</a></td><td class="num">7</td><td class="num">0</td><td class="num">0</td><td class="num">0</td><td class="num">38,201</td><td></td><td></td></tr>
<tr><td><a href="#t2">EditProfileTest</a></td><td class="num">0</td><td class="num">0</td><td class="num">0</td><td class="num attn">4</td><td class="num">30,159</td><td></td><td></td></tr>
<tr><th>Total</th><th class="num">9</th><th class="num">0</th><th class="num">0</th><th class="num attn">4</th><th class="num">86,593</th><th colspan="2"></th></tr>
</table>
<table id='summary'><thead><tr><th>Class</th><th>Method</th><th>Start</th><th>Time (ms)</th></tr></thead><tbody><tr><th colspan="4">Suite</th></tr></tbody><tbody id="t0"><tr><th colspan="4">LoginTest &#8212; passed</th></tr><tr class="passedeven"><td rowspan="2">testCases.LoginTest</td><td><a href="#m0">login</a></td><td rowspan="2">1754765063035</td><td rowspan="2">6555</td></tr><tr class="passedeven"><td><a href="#m1">login</a></td></tr></tbody>
<tbody id="t1"><tr><th colspan="4">RegistrationTest &#8212; passed</th></tr><tr class="passedeven"><td rowspan="7">testCases.RegistrationTest</td><td><a href="#m2">registrationInvalidData</a></td><td rowspan="4">1754765076875</td><td rowspan="4">3791</td></tr><tr class="passedeven"><td><a href="#m3">registrationInvalidData</a></td></tr><tr class="passedeven"><td><a href="#m4">registrationInvalidData</a></td></tr><tr class="passedeven"><td><a href="#m5">registrationInvalidData</a></td></tr><tr class="passedeven"><td><a href="#m6">registrationValidData</a></td><td rowspan="3">1754765098358</td><td rowspan="3">3446</td></tr><tr class="passedeven"><td><a href="#m7">registrationValidData</a></td></tr><tr class="passedeven"><td><a href="#m8">registrationValidData</a></td></tr></tbody>
<tbody id="t2"><tr><th colspan="4">EditProfileTest &#8212; failed</th></tr><tr class="failedeven"><td rowspan="4">testCases.EditProfileTest</td><td><a href="#m9">setUpEditProfile</a></td><td rowspan="4">1754765142459</td><td rowspan="4">723</td></tr><tr class="failedeven"><td><a href="#m10">setUpEditProfile</a></td></tr><tr class="failedeven"><td><a href="#m11">setUpEditProfile</a></td></tr><tr class="failedeven"><td><a href="#m12">setUpEditProfile</a></td></tr></tbody>
</table>
<h2>LoginTest</h2><h3 id="m0">testCases.LoginTest#login</h3><table class="result"><tr class="param"><th>Parameter #1</th><th>Parameter #2</th><th>Parameter #3</th></tr><tr class="param stripe"><td>kwikclean0225@gmail.com</td><td>Suyash@0225</td><td>Customer login successfully !!</td></tr></table><p class="totop"><a href="#summary">back to summary</a></p>
<h3 id="m1">testCases.LoginTest#login</h3><table class="result"><tr class="param"><th>Parameter #1</th><th>Parameter #2</th><th>Parameter #3</th></tr><tr class="param stripe"><td>wronguser@gmail.com</td><td>wrongpass</td><td>Invalid Credentials !!</td></tr></table><p class="totop"><a href="#summary">back to summary</a></p>
<h2>RegistrationTest</h2><h3 id="m2">testCases.RegistrationTest#registrationInvalidData</h3><table class="result"><tr class="param"><th>Parameter #1</th><th>Parameter #2</th><th>Parameter #3</th><th>Parameter #4</th><th>Parameter #5</th><th>Parameter #6</th><th>Parameter #7</th><th>Parameter #8</th><th>Parameter #9</th><th>Parameter #10</th></tr><tr class="param stripe"><td></td><td>02/08/1998</td><td>10:45PM</td><td>Femail</td><td>9335441516</td><td>su@gmail.com</td><td>12345</td><td>12345</td><td>Varanasi</td><td>221001</td></tr></table><p class="totop"><a href="#summary">back to summary</a></p>
<h3 id="m3">testCases.RegistrationTest#registrationInvalidData</h3><table class="result"><tr class="param"><th>Parameter #1</th><th>Parameter #2</th><th>Parameter #3</th><th>Parameter #4</th><th>Parameter #5</th><th>Parameter #6</th><th>Parameter #7</th><th>Parameter #8</th><th>Parameter #9</th><th>Parameter #10</th></tr><tr class="param stripe"><td>Shubham</td><td>02/08/1998</td><td>10:45PM</td><td>Femail</td><td>9335441516</td><td>s</td><td>12345</td><td>12345</td><td>Varanasi</td><td>221001</td></tr></table><p class="totop"><a href="#summary">back to summary</a></p>
<h3 id="m4">testCases.RegistrationTest#registrationInvalidData</h3><table class="result"><tr class="param"><th>Parameter #1</th><th>Parameter #2</th><th>Parameter #3</th><th>Parameter #4</th><th>Parameter #5</th><th>Parameter #6</th><th>Parameter #7</th><th>Parameter #8</th><th>Parameter #9</th><th>Parameter #10</th></tr><tr class="param stripe"><td>Shubham</td><td>02/08/1998</td><td></td><td>Femail</td><td>9335441516</td><td>suyash@gmail.com</td><td>12345</td><td>12345</td><td>Varanasi</td><td>221001</td></tr></table><p class="totop"><a href="#summary">back to summary</a></p>
<h3 id="m5">testCases.RegistrationTest#registrationInvalidData</h3><table class="result"><tr class="param"><th>Parameter #1</th><th>Parameter #2</th><th>Parameter #3</th><th>Parameter #4</th><th>Parameter #5</th><th>Parameter #6</th><th>Parameter #7</th><th>Parameter #8</th><th>Parameter #9</th><th>Parameter #10</th></tr><tr class="param stripe"><td>Shubham</td><td>02/08/1998</td><td>10:45PM</td><td></td><td>9335441516</td><td>suyas@gmail.com</td><td>12345</td><td>12345</td><td>Varanasi</td><td>221001</td></tr></table><p class="totop"><a href="#summary">back to summary</a></p>
<h3 id="m6">testCases.RegistrationTest#registrationValidData</h3><table class="result"><tr class="param"><th>Parameter #1</th><th>Parameter #2</th><th>Parameter #3</th><th>Parameter #4</th><th>Parameter #5</th><th>Parameter #6</th><th>Parameter #7</th><th>Parameter #8</th><th>Parameter #9</th><th>Parameter #10</th></tr><tr class="param stripe"><td>Suyash</td><td>25/05/2025</td><td>10:45AM</td><td>Male</td><td>9696856069</td><td>suyashsivastava@gmail.com</td><td>12345</td><td>12345</td><td>Varanasi</td><td>221001</td></tr></table><p class="totop"><a href="#summary">back to summary</a></p>
<h3 id="m7">testCases.RegistrationTest#registrationValidData</h3><table class="result"><tr class="param"><th>Parameter #1</th><th>Parameter #2</th><th>Parameter #3</th><th>Parameter #4</th><th>Parameter #5</th><th>Parameter #6</th><th>Parameter #7</th><th>Parameter #8</th><th>Parameter #9</th><th>Parameter #10</th></tr><tr class="param stripe"><td>Shubham</td><td>02/08/1998</td><td>10:45PM</td><td>Femail</td><td>9335441516</td><td>suyshsristava@gmai.com</td><td>12345</td><td>12345</td><td>Varanasi</td><td>221001</td></tr></table><p class="totop"><a href="#summary">back to summary</a></p>
<h3 id="m8">testCases.RegistrationTest#registrationValidData</h3><table class="result"><tr class="param"><th>Parameter #1</th><th>Parameter #2</th><th>Parameter #3</th><th>Parameter #4</th><th>Parameter #5</th><th>Parameter #6</th><th>Parameter #7</th><th>Parameter #8</th><th>Parameter #9</th><th>Parameter #10</th></tr><tr class="param stripe"><td>Shubham</td><td>02/08/1998</td><td>10:45PM</td><td>Femail</td><td>9335441516</td><td>sashsrivastava@gmail.com</td><td>12345</td><td>12345</td><td>Varanasi</td><td>221001</td></tr></table><p class="totop"><a href="#summary">back to summary</a></p>
<h2>EditProfileTest</h2><h3 id="m9">testCases.EditProfileTest#setUpEditProfile</h3><table class="result"><tr class="param"><th>Parameter #1</th><th>Parameter #2</th><th>Parameter #3</th><th>Parameter #4</th><th>Parameter #5</th><th>Parameter #6</th><th>Parameter #7</th></tr><tr class="param stripe"><td>D:\\pic2.jpg</td><td>Kwik Klin</td><td>kwikclean0225@gmail.com</td><td></td><td>noida sector 75</td><td>Male</td><td></td></tr><tr><th colspan="7">Exception</th></tr><tr><td colspan="7"><div class="stacktrace">org.openqa.selenium.InvalidArgumentException: invalid argument: File not found : D:\\pic2.jpg
  (Session info: chrome=138.0.7204.185)
Build info: version: &apos;4.21.0&apos;, revision: &apos;79ed462ef4&apos;
System info: os.name: &apos;Windows 11&apos;, os.arch: &apos;amd64&apos;, os.version: &apos;10.0&apos;, java.version: &apos;11.0.27&apos;
Driver info: org.openqa.selenium.chrome.ChromeDriver
Command: [0f536393491036c3de3fc101dbd78bb3, sendKeysToElement {value=[Ljava.lang.CharSequence;@44598ef7, id=f.9A92A44C231010C36B6D0DFFABEA0833.d.20ECBB7021E900E1F17C7FC87EC09DA8.e.105}]
Capabilities {acceptInsecureCerts: false, browserName: chrome, browserVersion: 138.0.7204.185, chrome: {chromedriverVersion: 138.0.7204.183 (e90faf484dd..., userDataDir: C:\Users\ADMIN\AppData\Loca...}, fedcm:accounts: true, goog:chromeOptions: {debuggerAddress: localhost:55588}, networkConnectionEnabled: false, pageLoadStrategy: normal, platformName: windows, proxy: Proxy(), se:cdp: ws://localhost:55588/devtoo..., se:cdpVersion: 138.0.7204.185, setWindowRect: true, strictFileInteractability: false, timeouts: {implicit: 0, pageLoad: 300000, script: 30000}, unhandledPromptBehavior: dismiss and notify, webauthn:extension:credBlob: true, webauthn:extension:largeBlob: true, webauthn:extension:minPinLength: true, webauthn:extension:prf: true, webauthn:virtualAuthenticators: true}
Element: [[ChromeDriver: chrome on windows (0f536393491036c3de3fc101dbd78bb3)] -&gt; id: photo]
Session ID: 0f536393491036c3de3fc101dbd78bb3
	at org.openqa.selenium.remote.ErrorCodec.decode(ErrorCodec.java:167)
	at org.openqa.selenium.remote.codec.w3c.W3CHttpResponseCodec.decode(W3CHttpResponseCodec.java:138)
	at org.openqa.selenium.remote.codec.w3c.W3CHttpResponseCodec.decode(W3CHttpResponseCodec.java:50)
	at org.openqa.selenium.remote.HttpCommandExecutor.execute(HttpCommandExecutor.java:190)
	at org.openqa.selenium.remote.service.DriverCommandExecutor.invokeExecute(DriverCommandExecutor.java:216)
	at org.openqa.selenium.remote.service.DriverCommandExecutor.execute(DriverCommandExecutor.java:174)
	at org.openqa.selenium.remote.RemoteWebDriver.execute(RemoteWebDriver.java:518)
	at org.openqa.selenium.remote.RemoteWebElement.execute(RemoteWebElement.java:223)
	at org.openqa.selenium.remote.RemoteWebElement.sendKeys(RemoteWebElement.java:110)
	at org.openqa.selenium.support.pagefactory.internal.LocatingElementHandler.invoke(LocatingElementHandler.java:51)
	at com.sun.proxy.$Proxy17.sendKeys(Unknown Source)
	at pages.EditProfilePage.uploadProfilePicture(EditProfilePage.java:42)
	at pages.EditProfilePage.Editprofile(EditProfilePage.java:55)
	at testCases.EditProfileTest.setUpEditProfile(EditProfileTest.java:36)
	at java.base/java.util.ArrayList.forEach(ArrayList.java:1541)
... Removed 34 stack frames</div></td></tr></table><p class="totop"><a href="#summary">back to summary</a></p>
<h3 id="m10">testCases.EditProfileTest#setUpEditProfile</h3><table class="result"><tr class="param"><th>Parameter #1</th><th>Parameter #2</th><th>Parameter #3</th><th>Parameter #4</th><th>Parameter #5</th><th>Parameter #6</th><th>Parameter #7</th></tr><tr class="param stripe"><td></td><td></td><td>suyashsrivastava49@gmail.com</td><td>89338711</td><td>Ck 65/284 </td><td>Female</td><td>12/05/1998</td></tr><tr><th colspan="7">Exception</th></tr><tr><td colspan="7"><div class="stacktrace">org.openqa.selenium.InvalidArgumentException: invalid argument: &apos;text&apos; is empty
  (Session info: chrome=138.0.7204.185)
Build info: version: &apos;4.21.0&apos;, revision: &apos;79ed462ef4&apos;
System info: os.name: &apos;Windows 11&apos;, os.arch: &apos;amd64&apos;, os.version: &apos;10.0&apos;, java.version: &apos;11.0.27&apos;
Driver info: org.openqa.selenium.chrome.ChromeDriver
Command: [085b5285bd44819eb2ebdef46cfeccf2, sendKeysToElement {value=[Ljava.lang.CharSequence;@6dca31eb, id=f.36A5C02BF645691AA0EE0E684230B141.d.2038D89B79D551AD16361AD0AE39885C.e.92}]
Capabilities {acceptInsecureCerts: false, browserName: chrome, browserVersion: 138.0.7204.185, chrome: {chromedriverVersion: 138.0.7204.183 (e90faf484dd..., userDataDir: C:\Users\ADMIN\AppData\Loca...}, fedcm:accounts: true, goog:chromeOptions: {debuggerAddress: localhost:55544}, networkConnectionEnabled: false, pageLoadStrategy: normal, platformName: windows, proxy: Proxy(), se:cdp: ws://localhost:55544/devtoo..., se:cdpVersion: 138.0.7204.185, setWindowRect: true, strictFileInteractability: false, timeouts: {implicit: 0, pageLoad: 300000, script: 30000}, unhandledPromptBehavior: dismiss and notify, webauthn:extension:credBlob: true, webauthn:extension:largeBlob: true, webauthn:extension:minPinLength: true, webauthn:extension:prf: true, webauthn:virtualAuthenticators: true}
Element: [[ChromeDriver: chrome on windows (085b5285bd44819eb2ebdef46cfeccf2)] -&gt; id: photo]
Session ID: 085b5285bd44819eb2ebdef46cfeccf2
	at org.openqa.selenium.remote.ErrorCodec.decode(ErrorCodec.java:167)
	at org.openqa.selenium.remote.codec.w3c.W3CHttpResponseCodec.decode(W3CHttpResponseCodec.java:138)
	at org.openqa.selenium.remote.codec.w3c.W3CHttpResponseCodec.decode(W3CHttpResponseCodec.java:50)
	at org.openqa.selenium.remote.HttpCommandExecutor.execute(HttpCommandExecutor.java:190)
	at org.openqa.selenium.remote.service.DriverCommandExecutor.invokeExecute(DriverCommandExecutor.java:216)
	at org.openqa.selenium.remote.service.DriverCommandExecutor.execute(DriverCommandExecutor.java:174)
	at org.openqa.selenium.remote.RemoteWebDriver.execute(RemoteWebDriver.java:518)
	at org.openqa.selenium.remote.RemoteWebElement.execute(RemoteWebElement.java:223)
	at org.openqa.selenium.remote.RemoteWebElement.sendKeys(RemoteWebElement.java:110)
	at org.openqa.selenium.support.pagefactory.internal.LocatingElementHandler.invoke(LocatingElementHandler.java:51)
	at com.sun.proxy.$Proxy17.sendKeys(Unknown Source)
	at pages.EditProfilePage.uploadProfilePicture(EditProfilePage.java:42)
	at pages.EditProfilePage.Editprofile(EditProfilePage.java:55)
	at testCases.EditProfileTest.setUpEditProfile(EditProfileTest.java:36)
	at java.base/java.util.ArrayList.forEach(ArrayList.java:1541)
... Removed 34 stack frames</div></td></tr></table><p class="totop"><a href="#summary">back to summary</a></p>
<h3 id="m11">testCases.EditProfileTest#setUpEditProfile</h3><table class="result"><tr class="param"><th>Parameter #1</th><th>Parameter #2</th><th>Parameter #3</th><th>Parameter #4</th><th>Parameter #5</th><th>Parameter #6</th><th>Parameter #7</th></tr><tr class="param stripe"><td></td><td>Kwik Klin</td><td>kwikclean0225@gmail.com</td><td>9335441516</td><td>noida sector 75</td><td>Male</td><td>07/12/1999</td></tr><tr><th colspan="7">Exception</th></tr><tr><td colspan="7"><div class="stacktrace">org.openqa.selenium.InvalidArgumentException: invalid argument: &apos;text&apos; is empty
  (Session info: chrome=138.0.7204.185)
Build info: version: &apos;4.21.0&apos;, revision: &apos;79ed462ef4&apos;
System info: os.name: &apos;Windows 11&apos;, os.arch: &apos;amd64&apos;, os.version: &apos;10.0&apos;, java.version: &apos;11.0.27&apos;
Driver info: org.openqa.selenium.chrome.ChromeDriver
Command: [e3790174f9e60a1eeb0389c8f5818a43, sendKeysToElement {value=[Ljava.lang.CharSequence;@3fbe503c, id=f.439444EE48B424B1EBBBA9B3A13FEB05.d.16185351E8EAAFBFF962EB65D1832BF8.e.101}]
Capabilities {acceptInsecureCerts: false, browserName: chrome, browserVersion: 138.0.7204.185, chrome: {chromedriverVersion: 138.0.7204.183 (e90faf484dd..., userDataDir: C:\Users\ADMIN\AppData\Loca...}, fedcm:accounts: true, goog:chromeOptions: {debuggerAddress: localhost:55501}, networkConnectionEnabled: false, pageLoadStrategy: normal, platformName: windows, proxy: Proxy(), se:cdp: ws://localhost:55501/devtoo..., se:cdpVersion: 138.0.7204.185, setWindowRect: true, strictFileInteractability: false, timeouts: {implicit: 0, pageLoad: 300000, script: 30000}, unhandledPromptBehavior: dismiss and notify, webauthn:extension:credBlob: true, webauthn:extension:largeBlob: true, webauthn:extension:minPinLength: true, webauthn:extension:prf: true, webauthn:virtualAuthenticators: true}
Element: [[ChromeDriver: chrome on windows (e3790174f9e60a1eeb0389c8f5818a43)] -&gt; id: photo]
Session ID: e3790174f9e60a1eeb0389c8f5818a43
	at org.openqa.selenium.remote.ErrorCodec.decode(ErrorCodec.java:167)
	at org.openqa.selenium.remote.codec.w3c.W3CHttpResponseCodec.decode(W3CHttpResponseCodec.java:138)
	at org.openqa.selenium.remote.codec.w3c.W3CHttpResponseCodec.decode(W3CHttpResponseCodec.java:50)
	at org.openqa.selenium.remote.HttpCommandExecutor.execute(HttpCommandExecutor.java:190)
	at org.openqa.selenium.remote.service.DriverCommandExecutor.invokeExecute(DriverCommandExecutor.java:216)
	at org.openqa.selenium.remote.service.DriverCommandExecutor.execute(DriverCommandExecutor.java:174)
	at org.openqa.selenium.remote.RemoteWebDriver.execute(RemoteWebDriver.java:518)
	at org.openqa.selenium.remote.RemoteWebElement.execute(RemoteWebElement.java:223)
	at org.openqa.selenium.remote.RemoteWebElement.sendKeys(RemoteWebElement.java:110)
	at org.openqa.selenium.support.pagefactory.internal.LocatingElementHandler.invoke(LocatingElementHandler.java:51)
	at com.sun.proxy.$Proxy17.sendKeys(Unknown Source)
	at pages.EditProfilePage.uploadProfilePicture(EditProfilePage.java:42)
	at pages.EditProfilePage.Editprofile(EditProfilePage.java:55)
	at testCases.EditProfileTest.setUpEditProfile(EditProfileTest.java:36)
	at java.base/java.util.ArrayList.forEach(ArrayList.java:1541)
... Removed 34 stack frames</div></td></tr></table><p class="totop"><a href="#summary">back to summary</a></p>
<h3 id="m12">testCases.EditProfileTest#setUpEditProfile</h3><table class="result"><tr class="param"><th>Parameter #1</th><th>Parameter #2</th><th>Parameter #3</th><th>Parameter #4</th><th>Parameter #5</th><th>Parameter #6</th><th>Parameter #7</th></tr><tr class="param stripe"><td>D:\\pic1.jpg</td><td>Suyash</td><td>suyashsrivastava49@gmail.com</td><td>8933871103</td><td>Ck 65/284 </td><td>Female</td><td>12/05/1998</td></tr><tr><th colspan="7">Exception</th></tr><tr><td colspan="7"><div class="stacktrace">org.openqa.selenium.InvalidArgumentException: invalid argument: File not found : D:\\pic1.jpg
  (Session info: chrome=138.0.7204.185)
Build info: version: &apos;4.21.0&apos;, revision: &apos;79ed462ef4&apos;
System info: os.name: &apos;Windows 11&apos;, os.arch: &apos;amd64&apos;, os.version: &apos;10.0&apos;, java.version: &apos;11.0.27&apos;
Driver info: org.openqa.selenium.chrome.ChromeDriver
Command: [d0fb261619df18128e0387d4ec3379ae, sendKeysToElement {value=[Ljava.lang.CharSequence;@66a53104, id=f.6A252AB81616A290BBCE2777D9492894.d.151C5AA5AF43364788AB05787C5393B4.e.100}]
Capabilities {acceptInsecureCerts: false, browserName: chrome, browserVersion: 138.0.7204.185, chrome: {chromedriverVersion: 138.0.7204.183 (e90faf484dd..., userDataDir: C:\Users\ADMIN\AppData\Loca...}, fedcm:accounts: true, goog:chromeOptions: {debuggerAddress: localhost:55451}, networkConnectionEnabled: false, pageLoadStrategy: normal, platformName: windows, proxy: Proxy(), se:cdp: ws://localhost:55451/devtoo..., se:cdpVersion: 138.0.7204.185, setWindowRect: true, strictFileInteractability: false, timeouts: {implicit: 0, pageLoad: 300000, script: 30000}, unhandledPromptBehavior: dismiss and notify, webauthn:extension:credBlob: true, webauthn:extension:largeBlob: true, webauthn:extension:minPinLength: true, webauthn:extension:prf: true, webauthn:virtualAuthenticators: true}
Element: [[ChromeDriver: chrome on windows (d0fb261619df18128e0387d4ec3379ae)] -&gt; id: photo]
Session ID: d0fb261619df18128e0387d4ec3379ae
	at org.openqa.selenium.remote.ErrorCodec.decode(ErrorCodec.java:167)
	at org.openqa.selenium.remote.codec.w3c.W3CHttpResponseCodec.decode(W3CHttpResponseCodec.java:138)
	at org.openqa.selenium.remote.codec.w3c.W3CHttpResponseCodec.decode(W3CHttpResponseCodec.java:50)
	at org.openqa.selenium.remote.HttpCommandExecutor.execute(HttpCommandExecutor.java:190)
	at org.openqa.selenium.remote.service.DriverCommandExecutor.invokeExecute(DriverCommandExecutor.java:216)
	at org.openqa.selenium.remote.service.DriverCommandExecutor.execute(DriverCommandExecutor.java:174)
	at org.openqa.selenium.remote.RemoteWebDriver.execute(RemoteWebDriver.java:518)
	at org.openqa.selenium.remote.RemoteWebElement.execute(RemoteWebElement.java:223)
	at org.openqa.selenium.remote.RemoteWebElement.sendKeys(RemoteWebElement.java:110)
	at org.openqa.selenium.support.pagefactory.internal.LocatingElementHandler.invoke(LocatingElementHandler.java:51)
	at com.sun.proxy.$Proxy17.sendKeys(Unknown Source)
	at pages.EditProfilePage.uploadProfilePicture(EditProfilePage.java:42)
	at pages.EditProfilePage.Editprofile(EditProfilePage.java:55)
	at testCases.EditProfileTest.setUpEditProfile(EditProfileTest.java:36)
	at java.base/java.util.ArrayList.forEach(ArrayList.java:1541)
... Removed 34 stack frames</div></td></tr></table><p class="totop"><a href="#summary">back to summary</a></p>
</body>
</html>
